e:\computer science\wechatautoreply\wechatautoreply\debug\wechatautoreply.pch
e:\computer science\wechatautoreply\wechatautoreply\debug\vc140.pdb
e:\computer science\wechatautoreply\wechatautoreply\debug\vc140.idb
e:\computer science\wechatautoreply\wechatautoreply\debug\stdafx.obj
e:\computer science\wechatautoreply\wechatautoreply\debug\log.obj
e:\computer science\wechatautoreply\wechatautoreply\debug\shell.obj
e:\computer science\wechatautoreply\wechatautoreply\debug\tools.obj
e:\computer science\wechatautoreply\wechatautoreply\debug\wechatautoreply.obj
e:\computer science\wechatautoreply\wechatautoreply\debug\wechatautoreplydlg.obj
e:\computer science\wechatautoreply\debug\wechatautoreply.ilk
e:\computer science\wechatautoreply\debug\wechatautoreply.exe
e:\computer science\wechatautoreply\debug\wechatautoreply.pdb
e:\computer science\wechatautoreply\wechatautoreply\debug\wechatautoreply.res
e:\computer science\wechatautoreply\wechatautoreply\debug\wechatautoreply.tlog\cl.command.1.tlog
e:\computer science\wechatautoreply\wechatautoreply\debug\wechatautoreply.tlog\cl.read.1.tlog
e:\computer science\wechatautoreply\wechatautoreply\debug\wechatautoreply.tlog\cl.write.1.tlog
e:\computer science\wechatautoreply\wechatautoreply\debug\wechatautoreply.tlog\link.command.1.tlog
e:\computer science\wechatautoreply\wechatautoreply\debug\wechatautoreply.tlog\link.read.1.tlog
e:\computer science\wechatautoreply\wechatautoreply\debug\wechatautoreply.tlog\link.write.1.tlog
e:\computer science\wechatautoreply\wechatautoreply\debug\wechatautoreply.tlog\rc.command.1.tlog
e:\computer science\wechatautoreply\wechatautoreply\debug\wechatautoreply.tlog\rc.read.1.tlog
e:\computer science\wechatautoreply\wechatautoreply\debug\wechatautoreply.tlog\rc.write.1.tlog
