生成启动时间为 2016/11/3 22:58:50。
     1>项目“E:\computer science\wechat\MFC\WeChatAutoReply\WeChatAutoReply\WeChatAutoReply.vcxproj”在节点 2 上(Build 个目标)。
     1>ClCompile:
         E:\Program Files (x86)\Microsoft Visual Studio 14.0\VC\bin\CL.exe /c /ZI /nologo /W3 /WX- /sdl /Od /Oy- /D WIN32 /D _WINDOWS /D _DEBUG /D _UNICODE /D UNICODE /D _AFXDLL /Gm /EHsc /RTC1 /MDd /GS /fp:precise /Zc:wchar_t /Zc:forScope /Zc:inline /Yu"stdafx.h" /Fp"Debug\WeChatAutoReply.pch" /Fo"Debug\\" /Fd"Debug\vc140.pdb" /Gd /TP /analyze- /errorReport:prompt LoadAIMLDlg.cpp WeChatAutoReplyDlg.cpp tools.cpp
         tools.cpp
     1>e:\computer science\wechat\mfc\wechatautoreply\wechatautoreply\tools.cpp(38): warning C4018: “<=”: 有符号/无符号不匹配
     1>e:\computer science\wechat\mfc\wechatautoreply\wechatautoreply\tools.cpp(81): warning C4018: “<=”: 有符号/无符号不匹配
     1>e:\computer science\wechat\mfc\wechatautoreply\wechatautoreply\tools.cpp(111): warning C4018: “<=”: 有符号/无符号不匹配
     1>e:\computer science\wechat\mfc\wechatautoreply\wechatautoreply\tools.cpp(121): warning C4018: “<”: 有符号/无符号不匹配
     1>e:\computer science\wechat\mfc\wechatautoreply\wechatautoreply\tools.cpp(142): warning C4018: “<”: 有符号/无符号不匹配
     1>e:\computer science\wechat\mfc\wechatautoreply\wechatautoreply\tools.cpp(170): warning C4018: “<”: 有符号/无符号不匹配
     1>e:\computer science\wechat\mfc\wechatautoreply\wechatautoreply\tools.cpp(245): warning C4800: “UINT”: 将值强制为布尔值“true”或“false”(性能警告)
         WeChatAutoReplyDlg.cpp
     1>e:\computer science\wechat\mfc\wechatautoreply\wechatautoreply\wechatautoreplydlg.cpp(278): warning C4018: “<”: 有符号/无符号不匹配
     1>e:\computer science\wechat\mfc\wechatautoreply\wechatautoreply\wechatautoreplydlg.cpp(496): warning C4477: 'wprintf' : format string '%ls' requires an argument of type 'wchar_t *', but variadic argument 1 has type 'CString'
         LoadAIMLDlg.cpp
         正在生成代码...
       Link:
         E:\Program Files (x86)\Microsoft Visual Studio 14.0\VC\bin\link.exe /ERRORREPORT:PROMPT /OUT:"E:\computer science\wechat\MFC\WeChatAutoReply\Debug\WeChatAutoReply.exe" /INCREMENTAL /NOLOGO /MANIFEST /MANIFESTUAC:"level='asInvoker' uiAccess='false'" /manifest:embed /manifestinput:"E:\Program Files (x86)\Microsoft Visual Studio 14.0\VC\Include\Manifest\dpiaware.manifest" /Debug /PDB:"E:\computer science\wechat\MFC\WeChatAutoReply\Debug\WeChatAutoReply.pdb" /SUBSYSTEM:WINDOWS /TLBID:1 /ENTRY:"wWinMainCRTStartup" /DYNAMICBASE /NXCOMPAT /IMPLIB:"E:\computer science\wechat\MFC\WeChatAutoReply\Debug\WeChatAutoReply.lib" /MACHINE:X86 Debug\WeChatAutoReply.res
         Debug\LoadAIMLDlg.obj
         Debug\log.obj
         Debug\shell.obj
         Debug\stdafx.obj
         Debug\tools.obj
         Debug\WeChatAutoReply.obj
         Debug\WeChatAutoReplyDlg.obj
         WeChatAutoReply.vcxproj -> E:\computer science\wechat\MFC\WeChatAutoReply\Debug\WeChatAutoReply.exe
     1>已完成生成项目“E:\computer science\wechat\MFC\WeChatAutoReply\WeChatAutoReply\WeChatAutoReply.vcxproj”(Build 个目标)的操作。

已成功生成。

已用时间 00:00:03.26
