消息,2016-11-05,(+0800) 00:14:17,Operation Result,"加载property.ini完成","CWeChatDlg-OnInitDialog()"
=====START=====
消息,2016-11-05,(+0800) 00:14:56,Start,"加载Rebecca AIML成功","CWeChatDlg-OnBnClickedReloadAiml()"
=====START=====
消息,2016-11-05,(+0800) 00:15:06,Start,"进行初始化","CWeChatDlg-OnBnClickedStart()"
错误,2016-11-05,(+0800) 00:15:11,Error Message,"无法获取最后一条消息","CWeChatDlg-OnBnClickedStart()"
=====START=====
消息,2016-11-05,(+0800) 00:15:21,Start,"进行初始化","CWeChatDlg-OnBnClickedStart()"
消息,2016-11-05,(+0800) 00:15:25,Receive Message,"7","CWeChatDlg-getMSG()"
消息,2016-11-05,(+0800) 00:15:25,Operation Result,"定时监控微信会话开始","CWeChatDlg-OnBnClickedStart()"
消息,2016-11-05,(+0800) 00:16:00,Receive Message,"age 28","CWeChatDlg-getMSG()"
消息,2016-11-05,(+0800) 00:16:00,Operation Result,"Input language: English","CWeChatDlg-getResponse()"
消息,2016-11-05,(+0800) 00:16:03,Send Message,"Hello, I am Alice, the intelligent AI chatting with English. At the moment, my master is busy so I will help him reply the requests. Besides, you can leave messages and I will inform him.","CWeChatDlg-sendMSG()"
消息,2016-11-05,(+0800) 00:16:05,Send Message,"Let us change the subject.","CWeChatDlg-sendMSG()"
消息,2016-11-05,(+0800) 00:16:12,Receive Message,"age 28","CWeChatDlg-getMSG()"
消息,2016-11-05,(+0800) 00:16:12,Operation Result,"Input language: English","CWeChatDlg-getResponse()"
消息,2016-11-05,(+0800) 00:16:15,Send Message,"What is your favorite color?","CWeChatDlg-sendMSG()"
消息,2016-11-05,(+0800) 00:16:21,Receive Message,"age28","CWeChatDlg-getMSG()"
消息,2016-11-05,(+0800) 00:16:21,Operation Result,"Input language: English","CWeChatDlg-getResponse()"
消息,2016-11-05,(+0800) 00:16:24,Send Message,"age28 is a very nice color.","CWeChatDlg-sendMSG()"
消息,2016-11-05,(+0800) 00:16:30,Receive Message,"age28","CWeChatDlg-getMSG()"
消息,2016-11-05,(+0800) 00:16:30,Operation Result,"Input language: English","CWeChatDlg-getResponse()"
消息,2016-11-05,(+0800) 00:16:33,Send Message,"Quite honestly, I wouldn't worry myself about that.","CWeChatDlg-sendMSG()"
消息,2016-11-05,(+0800) 00:17:18,Receive Message,"age 28","CWeChatDlg-getMSG()"
消息,2016-11-05,(+0800) 00:17:18,Operation Result,"Input language: English","CWeChatDlg-getResponse()"
消息,2016-11-05,(+0800) 00:17:21,Send Message,"Tell me one of your favorite possessions.","CWeChatDlg-sendMSG()"
消息,2016-11-05,(+0800) 00:24:03,Operation Result,"加载property.ini完成","CWeChatDlg-OnInitDialog()"
=====START=====
消息,2016-11-05,(+0800) 00:24:04,Start,"进行初始化","CWeChatDlg-OnBnClickedStart()"
错误,2016-11-05,(+0800) 00:24:08,Error Message,"无法获取最后一条消息","CWeChatDlg-OnBnClickedStart()"
=====START=====
消息,2016-11-05,(+0800) 00:24:13,Start,"进行初始化","CWeChatDlg-OnBnClickedStart()"
消息,2016-11-05,(+0800) 00:24:17,Receive Message,"Tell me one of your favorite possessions.","CWeChatDlg-getMSG()"
消息,2016-11-05,(+0800) 00:24:17,Operation Result,"定时监控微信会话开始","CWeChatDlg-OnBnClickedStart()"
消息,2016-11-05,(+0800) 00:24:25,Receive Message,"age 281","CWeChatDlg-getMSG()"
消息,2016-11-05,(+0800) 00:24:25,Operation Result,"Input language: English","CWeChatDlg-getResponse()"
消息,2016-11-05,(+0800) 00:24:28,Send Message,"Hello, I am Alice, the intelligent AI chatting with English. At the moment, my master is busy so I will help him reply the requests. Besides, you can leave messages and I will inform him.","CWeChatDlg-sendMSG()"
消息,2016-11-05,(+0800) 00:24:30,Send Message,"You must be very fond of it.","CWeChatDlg-sendMSG()"
消息,2016-11-05,(+0800) 00:24:37,Receive Message,"age 281","CWeChatDlg-getMSG()"
消息,2016-11-05,(+0800) 00:24:37,Operation Result,"Input language: English","CWeChatDlg-getResponse()"
消息,2016-11-05,(+0800) 00:24:40,Send Message,"You may be wondering if this is a person or a computer responding.","CWeChatDlg-sendMSG()"
消息,2016-11-05,(+0800) 00:24:47,Receive Message,"<category><pattern>age <bot name="age"/>1</pattern><template>
","CWeChatDlg-getMSG()"
消息,2016-11-05,(+0800) 00:24:47,Operation Result,"Input language: English","CWeChatDlg-getResponse()"
消息,2016-11-05,(+0800) 00:24:49,Send Message,"What do you look like?
'"' ","CWeChatDlg-sendMSG()"
消息,2016-11-05,(+0800) 00:24:52,Receive Message,"What do you look like?'"' ","CWeChatDlg-getMSG()"
消息,2016-11-05,(+0800) 00:24:52,Operation Result,"Input language: English","CWeChatDlg-getResponse()"
消息,2016-11-05,(+0800) 00:24:54,Send Message,"getResponse takes one argument
Synopsis: rs-admin --getResponse "<some text to talk to the bot>"
          rs-admin -gr "<some text to talk to the bot>"
Example rs-admin --getResponse "Hello"
        Hi","CWeChatDlg-sendMSG()"
消息,2016-11-05,(+0800) 00:24:57,Receive Message,"getResponse takes one argumentSynopsis: rs-admin --getResponse "<some text to talk to the bot>"          rs-admin -gr "<some text to talk to the bot>"Example rs-admin --getResponse "Hello"        Hi","CWeChatDlg-getMSG()"
消息,2016-11-05,(+0800) 00:24:57,Operation Result,"Input language: English","CWeChatDlg-getResponse()"
消息,2016-11-05,(+0800) 00:24:59,Send Message,"","CWeChatDlg-sendMSG()"
消息,2016-11-05,(+0800) 00:25:01,Receive Message,"getResponse takes one argumentSynopsis: rs-admin --getResponse "<some text to talk to the bot>"          rs-admin -gr "<some text to talk to the bot>"Example rs-admin --getResponse "Hello"        Hi","CWeChatDlg-getMSG()"
消息,2016-11-05,(+0800) 00:25:01,Operation Result,"Input language: English","CWeChatDlg-getResponse()"
消息,2016-11-05,(+0800) 00:25:04,Send Message,"","CWeChatDlg-sendMSG()"
消息,2016-11-05,(+0800) 00:25:06,Receive Message,"getResponse takes one argumentSynopsis: rs-admin --getResponse "<some text to talk to the bot>"          rs-admin -gr "<some text to talk to the bot>"Example rs-admin --getResponse "Hello"        Hi","CWeChatDlg-getMSG()"
消息,2016-11-05,(+0800) 00:25:06,Operation Result,"Input language: English","CWeChatDlg-getResponse()"
消息,2016-11-05,(+0800) 00:25:09,Send Message,"","CWeChatDlg-sendMSG()"
消息,2016-11-05,(+0800) 00:25:11,Receive Message,"getResponse takes one argumentSynopsis: rs-admin --getResponse "<some text to talk to the bot>"          rs-admin -gr "<some text to talk to the bot>"Example rs-admin --getResponse "Hello"        Hi","CWeChatDlg-getMSG()"
消息,2016-11-05,(+0800) 00:25:11,Operation Result,"Input language: English","CWeChatDlg-getResponse()"
消息,2016-11-05,(+0800) 00:25:14,Send Message,"","CWeChatDlg-sendMSG()"
消息,2016-11-05,(+0800) 00:25:16,Receive Message,"getResponse takes one argumentSynopsis: rs-admin --getResponse "<some text to talk to the bot>"          rs-admin -gr "<some text to talk to the bot>"Example rs-admin --getResponse "Hello"        Hi","CWeChatDlg-getMSG()"
消息,2016-11-05,(+0800) 00:25:16,Operation Result,"Input language: English","CWeChatDlg-getResponse()"
消息,2016-11-05,(+0800) 00:25:19,Send Message,"","CWeChatDlg-sendMSG()"
消息,2016-11-05,(+0800) 00:25:21,Receive Message,"getResponse takes one argumentSynopsis: rs-admin --getResponse "<some text to talk to the bot>"          rs-admin -gr "<some text to talk to the bot>"Example rs-admin --getResponse "Hello"        Hi","CWeChatDlg-getMSG()"
消息,2016-11-05,(+0800) 00:25:21,Operation Result,"Input language: English","CWeChatDlg-getResponse()"
消息,2016-11-05,(+0800) 00:25:24,Send Message,"","CWeChatDlg-sendMSG()"
消息,2016-11-05,(+0800) 00:25:26,Receive Message,"getResponse takes one argumentSynopsis: rs-admin --getResponse "<some text to talk to the bot>"          rs-admin -gr "<some text to talk to the bot>"Example rs-admin --getResponse "Hello"        Hi","CWeChatDlg-getMSG()"
消息,2016-11-05,(+0800) 00:25:26,Operation Result,"Input language: English","CWeChatDlg-getResponse()"
消息,2016-11-05,(+0800) 00:25:28,Send Message,"","CWeChatDlg-sendMSG()"
消息,2016-11-05,(+0800) 00:25:42,Operation Result,"加载property.ini完成","CWeChatDlg-OnInitDialog()"
=====START=====
消息,2016-11-05,(+0800) 00:26:04,Start,"进行初始化","CWeChatDlg-OnBnClickedStart()"
消息,2016-11-05,(+0800) 00:26:06,Operation Result,"定时监控微信会话开始","CWeChatDlg-OnBnClickedStart()"
消息,2016-11-05,(+0800) 00:26:11,Receive Message,"age <bot name="age"/>1","CWeChatDlg-getMSG()"
消息,2016-11-05,(+0800) 00:26:11,Operation Result,"Input language: English","CWeChatDlg-getResponse()"
消息,2016-11-05,(+0800) 00:26:14,Send Message,"Hello, I am Alice, the intelligent AI chatting with English. At the moment, my master is busy so I will help him reply the requests. Besides, you can leave messages and I will inform him.","CWeChatDlg-sendMSG()"
消息,2016-11-05,(+0800) 00:26:16,Send Message,"Tell me a story.","CWeChatDlg-sendMSG()"
消息,2016-11-05,(+0800) 00:26:32,Receive Message,"age <bot name="age"/>1","CWeChatDlg-getMSG()"
消息,2016-11-05,(+0800) 00:26:32,Operation Result,"Input language: English","CWeChatDlg-getResponse()"
消息,2016-11-05,(+0800) 00:26:35,Send Message,"That remark was too complicated for me. We were talking about age lt bot name age gt 1.","CWeChatDlg-sendMSG()"
