=====START=====
2016-10-28,?D1迆㊣那℅?那㊣??:14:21:23,Start Auto Reply,"Program Start.","wechat-_tmain()"
=====START=====
2016-10-28,?D1迆㊣那℅?那㊣??:14:21:25,Start Auto Reply,"Program Start.","wechat-_tmain()"
=====START=====
2016-10-28,?D1迆㊣那℅?那㊣??:14:21:26,Start Auto Reply,"Program Start.","wechat-_tmain()"
=====START=====
2016-10-28,?D1迆㊣那℅?那㊣??:14:21:26,Start Auto Reply,"Program Start.","wechat-_tmain()"
=====START=====
2016-10-28,?D1迆㊣那℅?那㊣??:14:21:26,Start Auto Reply,"Program Start.","wechat-_tmain()"
=====START=====
2016-10-28,?D1迆㊣那℅?那㊣??:14:21:27,Start Auto Reply,"Program Start.","wechat-_tmain()"
=====START=====
2016-10-28,?D1迆㊣那℅?那㊣??:14:21:27,Start Auto Reply,"Program Start.","wechat-_tmain()"
=====START=====
2016-10-28,?D1迆㊣那℅?那㊣??:14:21:27,Start Auto Reply,"Program Start.","wechat-_tmain()"
=====START=====
2016-10-28,?D1迆㊣那℅?那㊣??:14:21:36,Start Auto Reply,"Program Start.","wechat-_tmain()"
=====START=====
2016-10-28,?D1迆㊣那℅?那㊣??:15:49:04,Start Auto Reply,"Program Start.","wechat-_tmain()"
=====START=====
2016-10-28,?D1迆㊣那℅?那㊣??:15:49:21,Start Auto Reply,"Program Start.","wechat-_tmain()"
=====START=====
2016-10-28,?D1迆㊣那℅?那㊣??:15:49:24,Start Auto Reply,"Program Start.","wechat-_tmain()"
=====START=====
2016-10-28,?D1迆㊣那℅?那㊣??:15:49:28,Start Auto Reply,"Program Start.","wechat-_tmain()"
=====START=====
2016-10-28,?D1迆㊣那℅?那㊣??:16:14:17,Start Auto Reply,"Program Start.","wechat-_tmain()"
=====START=====
2016-10-28,?D1迆㊣那℅?那㊣??:16:14:31,Start Auto Reply,"Program Start.","wechat-_tmain()"
2016-10-28,?D1迆㊣那℅?那㊣??:16:14:33,Receive Message,"123","wechat-getMSG()"
=====START=====
2016-10-28,?D1迆㊣那℅?那㊣??:16:16:50,Start Auto Reply,"Program Start.","wechat-_tmain()"
2016-10-28,?D1迆㊣那℅?那㊣??:16:17:08,Receive Message,"123","wechat-getMSG()"
=====START=====
2016-10-28,?D1迆㊣那℅?那㊣??:16:32:58,Start Auto Reply,"Program Start.","wechat-_tmain()"
2016-10-28,?D1迆㊣那℅?那㊣??:16:33:00,Receive Message,"123","wechat-getMSG()"
=====START=====
2016-10-28,?D1迆㊣那℅?那㊣??:16:33:32,Start Auto Reply,"Program Start.","wechat-_tmain()"
2016-10-28,?D1迆㊣那℅?那㊣??:16:33:34,Receive Message,"123","wechat-getMSG()"
=====START=====
2016-10-28,?D1迆㊣那℅?那㊣??:16:33:44,Start Auto Reply,"Program Start.","wechat-_tmain()"
2016-10-28,?D1迆㊣那℅?那㊣??:16:33:47,Receive Message,"456","wechat-getMSG()"
=====START=====
2016-10-28,?D1迆㊣那℅?那㊣??:16:33:54,Start Auto Reply,"Program Start.","wechat-_tmain()"
2016-10-28,?D1迆㊣那℅?那㊣??:16:33:56,Receive Message,"Unreadable Character Cannot be Printed.UNICODE:5f00 59cb ", "wechat-getMSG()"
=====START=====
2016-10-28,?D1迆㊣那℅?那㊣??:16:34:30,Start Auto Reply,"Program Start.","wechat-_tmain()"
2016-10-28,?D1迆㊣那℅?那㊣??:16:34:32,Receive Message,"Unreadable Character Cannot be Printed.UNICODE:5f00 59cb ", "wechat-getMSG()"
=====START=====
2016-10-28,?D1迆㊣那℅?那㊣??:16:34:38,Start Auto Reply,"Program Start.","wechat-_tmain()"
2016-10-28,?D1迆㊣那℅?那㊣??:16:34:40,Receive Message,"Unreadable Character Cannot be Printed.UNICODE:5f00 59cb ", "wechat-getMSG()"
=====START=====
2016-10-28,?D1迆㊣那℅?那㊣??:16:34:44,Start Auto Reply,"Program Start.","wechat-_tmain()"
2016-10-28,?D1迆㊣那℅?那㊣??:16:34:47,Receive Message,"Unreadable Character Cannot be Printed.UNICODE:304a 306f 3088 3046 3054 3056 3044 307e 3059 ", "wechat-getMSG()"
=====START=====
2016-10-28,?D1迆㊣那℅?那㊣??:16:34:54,Start Auto Reply,"Program Start.","wechat-_tmain()"
2016-10-28,?D1迆㊣那℅?那㊣??:16:34:57,Receive Message,"Unreadable Character Cannot be Printed.UNICODE:304a 306f 3088 3046 3054 3056 3044 307e 3059 ", "wechat-getMSG()"
=====START=====
2016-10-28,?D1迆㊣那℅?那㊣??:16:35:01,Start Auto Reply,"Program Start.","wechat-_tmain()"
=====START=====
2016-10-28,?D1迆㊣那℅?那㊣??:16:35:03,Start Auto Reply,"Program Start.","wechat-_tmain()"
=====START=====
2016-10-28,?D1迆㊣那℅?那㊣??:16:35:03,Start Auto Reply,"Program Start.","wechat-_tmain()"
=====START=====
2016-10-28,?D1迆㊣那℅?那㊣??:16:35:03,Start Auto Reply,"Program Start.","wechat-_tmain()"
=====START=====
2016-10-28,?D1迆㊣那℅?那㊣??:16:35:03,Start Auto Reply,"Program Start.","wechat-_tmain()"
=====START=====
2016-10-28,?D1迆㊣那℅?那㊣??:16:35:05,Start Auto Reply,"Program Start.","wechat-_tmain()"
2016-10-28,?D1迆㊣那℅?那㊣??:16:35:07,Receive Message,"Unreadable Character Cannot be Printed.UNICODE:5f00 59cb ", "wechat-getMSG()"
=====START=====
2016-10-28,?D1迆㊣那℅?那㊣??:16:35:11,Start Auto Reply,"Program Start.","wechat-_tmain()"
2016-10-28,?D1迆㊣那℅?那㊣??:16:35:14,Receive Message,"Unreadable Character Cannot be Printed.UNICODE:5f00 59cb ", "wechat-getMSG()"
=====START=====
2016-10-28,?D1迆㊣那℅?那㊣??:16:35:17,Start Auto Reply,"Program Start.","wechat-_tmain()"
2016-10-28,?D1迆㊣那℅?那㊣??:16:35:19,Receive Message,"Unreadable Character Cannot be Printed.UNICODE:5f00 59cb ", "wechat-getMSG()"
=====START=====
2016-10-28,?D1迆㊣那℅?那㊣??:16:36:55,Start Auto Reply,"Program Start.","wechat-_tmain()"
2016-10-28,?D1迆㊣那℅?那㊣??:16:36:57,Receive Message,"Unreadable Character Cannot be Printed.UNICODE:5f00 59cb ", "wechat-getMSG()"
=====START=====
2016-10-28,?D1迆㊣那℅?那㊣??:16:38:41,Start Auto Reply,"Program Start.","wechat-_tmain()"
2016-10-28,?D1迆㊣那℅?那㊣??:16:38:44,Receive Message,"Unreadable Character Cannot be Printed.UNICODE:304a 306f 3088 3046 3054 3056 3044 307e 3059 ", "wechat-getMSG()"
=====START=====
2016-10-28,?D1迆㊣那℅?那㊣??:16:39:52,Start Auto Reply,"Program Start.","wechat-_tmain()"
2016-10-28,?D1迆㊣那℅?那㊣??:16:39:54,Receive Message,"Unreadable Character Cannot be Printed.UNICODE:304a 306f 3088 3046 3054 3056 3044 307e 3059 ", "wechat-getMSG()"
=====START=====
2016-10-28,?D1迆㊣那℅?那㊣??:16:40:56,Start Auto Reply,"Program Start.","wechat-_tmain()"
2016-10-28,?D1迆㊣那℅?那㊣??:16:40:59,Receive Message,"Unreadable Character Cannot be Printed.UNICODE:304a 306f 3088 3046 3054 3056 3044 307e 3059 ", "wechat-getMSG()"
=====START=====
2016-10-28,?D1迆㊣那℅?那㊣??:16:41:05,Start Auto Reply,"Program Start.","wechat-_tmain()"
2016-10-28,?D1迆㊣那℅?那㊣??:16:41:07,Receive Message,"Unreadable Character Cannot be Printed.UNICODE:304a 306f 3088 3046 3054 3056 3044 307e 3059 ", "wechat-getMSG()"
=====START=====
2016-10-28,?D1迆㊣那℅?那㊣??:16:41:20,Start Auto Reply,"Program Start.","wechat-_tmain()"
2016-10-28,?D1迆㊣那℅?那㊣??:16:41:23,Receive Message,"Unreadable Character Cannot be Printed.UNICODE:3053 3093 3070 3093 306f ", "wechat-getMSG()"
=====START=====
2016-10-28,?D1迆㊣那℅?那㊣??:16:41:34,Start Auto Reply,"Program Start.","wechat-_tmain()"
2016-10-28,?D1迆㊣那℅?那㊣??:16:41:36,Receive Message,"123","wechat-getMSG()"
=====START=====
2016-10-28,?D1迆㊣那℅?那㊣??:16:41:45,Start Auto Reply,"Program Start.","wechat-_tmain()"
2016-10-28,?D1迆㊣那℅?那㊣??:16:41:48,Receive Message,"Unreadable Character Cannot be Printed.UNICODE:8c22 8c22 ", "wechat-getMSG()"
=====START=====
2016-10-28,?D1迆㊣那℅?那㊣??:17:12:38,Start Auto Reply,"Program Start.","wechat-_tmain()"
2016-10-28,?D1迆㊣那℅?那㊣??:17:12:40,Receive Message,"Unreadable Character Cannot be Printed.UNICODE:8c22 8c22 ", "wechat-getMSG()"
=====START=====
2016-10-28,?D1迆㊣那℅?那㊣??:17:16:02,Start Auto Reply,"Program Start.","wechat-_tmain()"
=====START=====
2016-10-28,?D1迆㊣那℅?那㊣??:17:16:11,Start Auto Reply,"Program Start.","wechat-_tmain()"
=====START=====
2016-10-28,?D1迆㊣那℅?那㊣??:17:16:31,Start Auto Reply,"Program Start.","wechat-_tmain()"
=====START=====
2016-10-28,?D1迆㊣那℅?那㊣??:17:17:39,Start Auto Reply,"Program Start.","wechat-_tmain()"
=====START=====
2016-10-28,?D1迆㊣那℅?那㊣??:23:39:59,Start Auto Reply,"Program Start.","wechat-_tmain()"
2016-10-28,?D1迆㊣那℅?那㊣??:23:40:05,Receive Message,"123","wechat-getMSG()"
=====START=====
2016-10-28,?D1迆㊣那℅?那㊣??:23:41:39,Start Auto Reply,"Program Start.","wechat-_tmain()"
=====START=====
2016-10-28,?D1迆㊣那℅?那㊣??:23:44:10,Start Auto Reply,"Program Start.","wechat-_tmain()"
=====START=====
2016-10-28,?D1迆㊣那℅?那㊣??:23:45:18,Start Auto Reply,"Program Start.","wechat-_tmain()"
2016-10-28,?D1迆㊣那℅?那㊣??:23:45:26,Receive Message,"123","wechat-getMSG()"
2016-10-28,?D1迆㊣那℅?那㊣??:23:46:58,Send Message,"Hello, I am Alice, the intelligent AI chatting with English. At the moment, my master is busy so I will help him reply the requests. Besides, you can leave messages and I will inform him.","wechat-sendMSG()"
2016-10-28,?D1迆㊣那℅?那㊣??:23:49:03,Send Message,"In the context of 6211 60f3 #, I don't understand "."","wechat-sendMSG()"
=====START=====
2016-10-28,?D1迆㊣那℅?那㊣??:23:54:58,Start Auto Reply,"Program Start.","wechat-_tmain()"
=====START=====
2016-10-28,?D1迆㊣那℅?那㊣??:23:55:11,Start Auto Reply,"Program Start.","wechat-_tmain()"
=====START=====
2016-10-28,?D1迆㊣那℅?那㊣??:23:55:38,Start Auto Reply,"Program Start.","wechat-_tmain()"
2016-10-28,?D1迆㊣那℅?那㊣??:23:55:49,Receive Message,"That is a hypothetical question.","wechat-getMSG()"
2016-10-28,?D1迆㊣那℅?那㊣??:23:56:00,Send Message,"Hello, I am Alice, the intelligent AI chatting with English. At the moment, my master is busy so I will help him reply the requests. Besides, you can leave messages and I will inform him.","wechat-sendMSG()"
2016-10-28,?D1迆㊣那℅?那㊣??:23:56:02,Send Message,"Perhaps you have a hypothetical answer.","wechat-sendMSG()"
=====START=====
2016-10-28,?D1迆㊣那℅?那㊣??:23:56:42,Start Auto Reply,"Program Start.","wechat-_tmain()"
2016-10-28,?D1迆㊣那℅?那㊣??:23:57:04,Receive Message,"Perhaps you have a hypothetical answer.","wechat-getMSG()"
2016-10-28,?D1迆㊣那℅?那㊣??:23:57:11,Send Message,"Hello, I am Alice, the intelligent AI chatting with English. At the moment, my master is busy so I will help him reply the requests. Besides, you can leave messages and I will inform him.","wechat-sendMSG()"
2016-10-28,?D1迆㊣那℅?那㊣??:23:57:35,Send Message,"You seem uncertain. That's an interesting question I don't hear everyday: Do I have a hypothetical answer. I have a lot of friends on the Internet.","wechat-sendMSG()"
