消息,2016-11-03,(+0800) 00:05:36,Operation Result,"加载property.ini完成","CWeChatDlg-OnInitDialog()"
消息,2016-11-03,(+0800) 00:06:19,Operation Result,"加载property.ini完成","CWeChatDlg-OnInitDialog()"
消息,2016-11-03,(+0800) 00:07:59,Operation Result,"加载property.ini完成","CWeChatDlg-OnInitDialog()"
消息,2016-11-03,(+0800) 00:08:17,Operation Result,"加载property.ini完成","CWeChatDlg-OnInitDialog()"
消息,2016-11-03,(+0800) 00:47:34,Operation Result,"加载property.ini完成","CWeChatDlg-OnInitDialog()"
消息,2016-11-03,(+0800) 00:51:17,Operation Result,"加载property.ini完成","CWeChatDlg-OnInitDialog()"
消息,2016-11-03,(+0800) 00:52:33,Operation Result,"加载property.ini完成","CWeChatDlg-OnInitDialog()"
消息,2016-11-03,(+0800) 00:53:27,Operation Result,"加载property.ini完成","CWeChatDlg-OnInitDialog()"
消息,2016-11-03,(+0800) 00:54:51,Operation Result,"加载property.ini完成","CWeChatDlg-OnInitDialog()"
消息,2016-11-03,(+0800) 00:57:16,Operation Result,"加载property.ini完成","CWeChatDlg-OnInitDialog()"
消息,2016-11-03,(+0800) 01:00:32,Operation Result,"加载property.ini完成","CWeChatDlg-OnInitDialog()"
消息,2016-11-03,(+0800) 01:09:30,Operation Result,"加载property.ini完成","CWeChatDlg-OnInitDialog()"
消息,2016-11-03,(+0800) 01:11:44,Operation Result,"加载property.ini完成","CWeChatDlg-OnInitDialog()"
消息,2016-11-03,(+0800) 01:14:49,Operation Result,"加载property.ini完成","CWeChatDlg-OnInitDialog()"
消息,2016-11-03,(+0800) 09:46:51,Operation Result,"加载property.ini完成","CWeChatDlg-OnInitDialog()"
错误,2016-11-03,(+0800) 09:48:20,Error Message,"终止加载AIML文件，已执行到：执行:-rg","LoadAIML-OnBnClickedCancel()"
消息,2016-11-03,(+0800) 09:51:49,Operation Result,"加载property.ini完成","CWeChatDlg-OnInitDialog()"
错误,2016-11-03,(+0800) 09:52:10,Error Message,"终止加载AIML文件，已执行到：执行:-rg","LoadAIML-OnBnClickedCancel()"
消息,2016-11-03,(+0800) 09:53:46,Operation Result,"加载property.ini完成","CWeChatDlg-OnInitDialog()"
错误,2016-11-03,(+0800) 09:53:59,Error Message,"终止加载AIML文件，已执行到：执行:-rg","LoadAIML-OnBnClickedCancel()"
消息,2016-11-03,(+0800) 09:55:36,Operation Result,"加载property.ini完成","CWeChatDlg-OnInitDialog()"
错误,2016-11-03,(+0800) 09:55:50,Error Message,"终止加载AIML文件，已执行到：执行:-rg","LoadAIML-OnBnClickedCancel()"
消息,2016-11-03,(+0800) 09:56:46,Operation Result,"加载property.ini完成","CWeChatDlg-OnInitDialog()"
错误,2016-11-03,(+0800) 09:56:52,Error Message,"终止加载AIML文件，已执行到：执行:-rg","LoadAIML-OnBnClickedCancel()"
错误,2016-11-03,(+0800) 09:56:53,Error Message,"加载Rebecca AIML失败","CWeChatDlg-OnBnClickedReloadAiml()"
消息,2016-11-03,(+0800) 10:06:16,Operation Result,"加载property.ini完成","CWeChatDlg-OnInitDialog()"
消息,2016-11-03,(+0800) 10:08:32,Operation Result,"加载property.ini完成","CWeChatDlg-OnInitDialog()"
消息,2016-11-03,(+0800) 10:12:45,Operation Result,"加载property.ini完成","CWeChatDlg-OnInitDialog()"
消息,2016-11-03,(+0800) 10:15:13,Operation Result,"加载property.ini完成","CWeChatDlg-OnInitDialog()"
消息,2016-11-03,(+0800) 10:17:21,Operation Result,"加载property.ini完成","CWeChatDlg-OnInitDialog()"
消息,2016-11-03,(+0800) 10:18:54,Operation Result,"加载property.ini完成","CWeChatDlg-OnInitDialog()"
消息,2016-11-03,(+0800) 10:22:50,Operation Result,"加载property.ini完成","CWeChatDlg-OnInitDialog()"
错误,2016-11-03,(+0800) 10:23:51,Error Message,"终止加载AIML文件，已执行到：执行:-gafls","LoadAIML-OnBnClickedCancel()"
错误,2016-11-03,(+0800) 10:23:51,Error Message,"加载Rebecca AIML失败","CWeChatDlg-OnBnClickedReloadAiml()"
消息,2016-11-03,(+0800) 10:24:17,Operation Result,"加载property.ini完成","CWeChatDlg-OnInitDialog()"
消息,2016-11-03,(+0800) 10:26:03,Operation Result,"加载property.ini完成","CWeChatDlg-OnInitDialog()"
消息,2016-11-03,(+0800) 10:27:04,Operation Result,"加载property.ini完成","CWeChatDlg-OnInitDialog()"
消息,2016-11-03,(+0800) 10:28:43,Operation Result,"加载property.ini完成","CWeChatDlg-OnInitDialog()"
错误,2016-11-03,(+0800) 10:29:53,Error Message,"终止加载AIML文件，已执行到：执行:-rg","LoadAIML-OnBnClickedCancel()"
错误,2016-11-03,(+0800) 10:29:53,Error Message,"加载Rebecca AIML失败","CWeChatDlg-OnBnClickedReloadAiml()"
错误,2016-11-03,(+0800) 10:30:17,Error Message,"终止加载AIML文件，已执行到：","LoadAIML-OnBnClickedCancel()"
错误,2016-11-03,(+0800) 10:30:17,Error Message,"加载Rebecca AIML失败","CWeChatDlg-OnBnClickedReloadAiml()"
错误,2016-11-03,(+0800) 10:30:29,Error Message,"终止加载AIML文件，已执行到：","LoadAIML-OnBnClickedCancel()"
错误,2016-11-03,(+0800) 10:30:29,Error Message,"加载Rebecca AIML失败","CWeChatDlg-OnBnClickedReloadAiml()"
消息,2016-11-03,(+0800) 10:31:10,Operation Result,"加载property.ini完成","CWeChatDlg-OnInitDialog()"
错误,2016-11-03,(+0800) 10:31:13,Error Message,"终止加载AIML文件，已执行到：执行:-rg","LoadAIML-OnBnClickedCancel()"
错误,2016-11-03,(+0800) 10:31:13,Error Message,"加载Rebecca AIML失败","CWeChatDlg-OnBnClickedReloadAiml()"
消息,2016-11-03,(+0800) 22:23:40,Operation Result,"加载property.ini完成","CWeChatDlg-OnInitDialog()"
错误,2016-11-03,(+0800) 22:24:00,Error Message,"终止加载AIML文件，已执行到：执行:-cg","LoadAIML-OnBnClickedCancel()"
错误,2016-11-03,(+0800) 22:24:00,Error Message,"加载Rebecca AIML失败","CWeChatDlg-OnBnClickedReloadAiml()"
错误,2016-11-03,(+0800) 22:24:11,Error Message,"终止加载AIML文件，已执行到：执行:-rg","LoadAIML-OnBnClickedCancel()"
错误,2016-11-03,(+0800) 22:24:11,Error Message,"加载Rebecca AIML失败","CWeChatDlg-OnBnClickedReloadAiml()"
错误,2016-11-03,(+0800) 22:24:19,Error Message,"终止加载AIML文件，已执行到：执行:-rg","LoadAIML-OnBnClickedCancel()"
错误,2016-11-03,(+0800) 22:24:19,Error Message,"加载Rebecca AIML失败","CWeChatDlg-OnBnClickedReloadAiml()"
消息,2016-11-03,(+0800) 22:24:46,Operation Result,"加载property.ini完成","CWeChatDlg-OnInitDialog()"
错误,2016-11-03,(+0800) 22:26:01,Error Message,"终止加载AIML文件，已执行到：执行:-rg","LoadAIML-OnBnClickedCancel()"
错误,2016-11-03,(+0800) 22:26:01,Error Message,"加载Rebecca AIML失败","CWeChatDlg-OnBnClickedReloadAiml()"
消息,2016-11-03,(+0800) 22:45:23,Operation Result,"加载property.ini完成","CWeChatDlg-OnInitDialog()"
消息,2016-11-03,(+0800) 22:47:13,Operation Result,"加载property.ini完成","CWeChatDlg-OnInitDialog()"
错误,2016-11-03,(+0800) 22:47:19,Error Message,"终止加载AIML文件，已执行到：执行:-rg","LoadAIML-OnBnClickedCancel()"
错误,2016-11-03,(+0800) 22:47:38,Error Message,"加载Rebecca AIML失败","CWeChatDlg-OnBnClickedReloadAiml()"
错误,2016-11-03,(+0800) 22:48:25,Error Message,"加载Rebecca AIML失败","CWeChatDlg-OnBnClickedReloadAiml()"
错误,2016-11-03,(+0800) 22:50:37,Error Message,"终止加载AIML文件，已执行到：执行:-rg","LoadAIML-OnBnClickedCancel()"
错误,2016-11-03,(+0800) 22:51:05,Error Message,"加载Rebecca AIML失败","CWeChatDlg-OnBnClickedReloadAiml()"
错误,2016-11-03,(+0800) 22:51:54,Error Message,"加载Rebecca AIML失败","CWeChatDlg-OnBnClickedReloadAiml()"
消息,2016-11-03,(+0800) 22:53:05,Operation Result,"加载property.ini完成","CWeChatDlg-OnInitDialog()"
消息,2016-11-03,(+0800) 22:58:54,Operation Result,"加载property.ini完成","CWeChatDlg-OnInitDialog()"
错误,2016-11-03,(+0800) 22:58:59,Error Message,"终止加载AIML文件，已执行到：执行:-rg","LoadAIML-OnBnClickedCancel()"
错误,2016-11-03,(+0800) 22:59:09,Error Message,"加载Rebecca AIML失败","CWeChatDlg-OnBnClickedReloadAiml()"
=====START=====
消息,2016-11-03,(+0800) 22:59:42,Start,"加载Rebecca AIML成功","CWeChatDlg-OnBnClickedReloadAiml()"
