=====START=====
消息,2016-11-04,(+0800) 00:00:22,Start,"加载Rebecca AIML成功","CWeChatDlg-OnBnClickedReloadAiml()"
消息,2016-11-04,(+0800) 00:03:26,Operation Result,"加载property.ini完成","CWeChatDlg-OnInitDialog()"
=====START=====
消息,2016-11-04,(+0800) 00:03:41,Start,"进行初始化","CWeChatDlg-OnBnClickedStart()"
消息,2016-11-04,(+0800) 00:07:41,Operation Result,"加载property.ini完成","CWeChatDlg-OnInitDialog()"
消息,2016-11-04,(+0800) 00:08:09,Operation Result,"加载property.ini完成","CWeChatDlg-OnInitDialog()"
消息,2016-11-04,(+0800) 00:08:34,Operation Result,"加载property.ini完成","CWeChatDlg-OnInitDialog()"
消息,2016-11-04,(+0800) 00:08:52,Operation Result,"加载property.ini完成","CWeChatDlg-OnInitDialog()"
=====START=====
消息,2016-11-04,(+0800) 00:09:12,Start,"进行初始化","CWeChatDlg-OnBnClickedStart()"
错误,2016-11-04,(+0800) 00:09:21,Error Message,"没有获得微信程序的窗口","findWeChatWnd"
消息,2016-11-04,(+0800) 00:10:15,Operation Result,"加载property.ini完成","CWeChatDlg-OnInitDialog()"
=====START=====
消息,2016-11-04,(+0800) 00:10:20,Start,"进行初始化","CWeChatDlg-OnBnClickedStart()"
错误,2016-11-04,(+0800) 00:10:22,Error Message,"没有获得微信程序的窗口","findWeChatWnd"
错误,2016-11-04,(+0800) 00:10:32,Error Message,"没有获得微信程序的窗口","findWeChatWnd"
错误,2016-11-04,(+0800) 00:10:34,Error Message,"没有获得微信程序的窗口","findWeChatWnd"
错误,2016-11-04,(+0800) 00:10:34,Error Message,"没有获得微信程序的窗口","findWeChatWnd"
错误,2016-11-04,(+0800) 00:10:35,Error Message,"没有获得微信程序的窗口","findWeChatWnd"
错误,2016-11-04,(+0800) 00:10:35,Error Message,"没有获得微信程序的窗口","findWeChatWnd"
错误,2016-11-04,(+0800) 00:10:36,Error Message,"没有获得微信程序的窗口","findWeChatWnd"
错误,2016-11-04,(+0800) 00:10:37,Error Message,"没有获得微信程序的窗口","findWeChatWnd"
错误,2016-11-04,(+0800) 00:10:37,Error Message,"没有获得微信程序的窗口","findWeChatWnd"
错误,2016-11-04,(+0800) 00:10:38,Error Message,"没有获得微信程序的窗口","findWeChatWnd"
错误,2016-11-04,(+0800) 00:10:38,Error Message,"没有获得微信程序的窗口","findWeChatWnd"
错误,2016-11-04,(+0800) 00:10:39,Error Message,"没有获得微信程序的窗口","findWeChatWnd"
错误,2016-11-04,(+0800) 00:10:39,Error Message,"没有获得微信程序的窗口","findWeChatWnd"
错误,2016-11-04,(+0800) 00:10:40,Error Message,"没有获得微信程序的窗口","findWeChatWnd"
错误,2016-11-04,(+0800) 00:10:40,Error Message,"没有获得微信程序的窗口","findWeChatWnd"
