=====START=====
2016-10-29,?D1迆㊣那℅?那㊣??:00:03:56,Start Auto Reply,"Program Start.","wechat-_tmain()"
2016-10-29,?D1迆㊣那℅?那㊣??:00:04:02,Receive Message,"You seem uncertain. That's an interesting question I don't hear everyday: Do I have a hypothetical answer. I have a lot of friends on the Internet.","wechat-getMSG()"
2016-10-29,?D1迆㊣那℅?那㊣??:00:04:05,Send Message,"Hello, I am Alice, the intelligent AI chatting with English. At the moment, my master is busy so I will help him reply the requests. Besides, you can leave messages and I will inform him.","wechat-sendMSG()"
2016-10-29,?D1迆㊣那℅?那㊣??:00:04:07,Send Message,"I am as sure as I can be. Would you like to know more? That's nice. I have a lot of friends on the Internet.","wechat-sendMSG()"
2016-10-29,?D1迆㊣那℅?那㊣??:00:04:44,Receive Message,"that is so long answer","wechat-getMSG()"
2016-10-29,?D1迆㊣那℅?那㊣??:00:04:47,Send Message,"I'm glad we have that all cleared up.","wechat-sendMSG()"
2016-10-29,?D1迆㊣那℅?那㊣??:00:05:31,Receive Message,"123","wechat-getMSG()"
2016-10-29,?D1迆㊣那℅?那㊣??:00:05:34,Send Message,"Try putting that in a more specific context.","wechat-sendMSG()"
2016-10-29,?D1迆㊣那℅?那㊣??:00:05:38,Receive Message,"123","wechat-getMSG()"
2016-10-29,?D1迆㊣那℅?那㊣??:00:05:41,Send Message,"Do you want to hear a joke?","wechat-sendMSG()"
=====START=====
2016-10-29,?D1迆㊣那℅?那㊣??:00:06:12,Start Auto Reply,"Program Start.","wechat-_tmain()"
2016-10-29,?D1迆㊣那℅?那㊣??:00:06:15,Receive Message,"Do you want to hear a joke?","wechat-getMSG()"
2016-10-29,?D1迆㊣那℅?那㊣??:00:06:18,Send Message,"Hello, I am Alice, the intelligent AI chatting with English. At the moment, my master is busy so I will help him reply the requests. Besides, you can leave messages and I will inform him.","wechat-sendMSG()"
2016-10-29,?D1迆㊣那℅?那㊣??:00:06:20,Send Message,"Yes, let me hear your joke.","wechat-sendMSG()"
2016-10-29,?D1迆㊣那℅?那㊣??:00:06:29,Receive Message,"233333","wechat-getMSG()"
2016-10-29,?D1迆㊣那℅?那㊣??:00:06:32,Send Message,"I like the way you talk.","wechat-sendMSG()"
=====START=====
2016-10-29,?D1迆㊣那℅?那㊣??:00:16:25,Start Auto Reply,"Program Start.","wechat-_tmain()"
2016-10-29,?D1迆㊣那℅?那㊣??:00:16:28,Receive Message,"I like the way you talk.","wechat-getMSG()"
2016-10-29,?D1迆㊣那℅?那㊣??:00:16:31,Send Message,"Hello, I am Alice, the intelligent AI chatting with English. At the moment, my master is busy so I will help him reply the requests. Besides, you can leave messages and I will inform him.","wechat-sendMSG()"
2016-10-29,?D1迆㊣那℅?那㊣??:00:16:33,Send Message,"You are not the only one. I'm not sure if I like the way you talk. I like computers.","wechat-sendMSG()"
=====START=====
2016-10-29,?D1迆㊣那℅?那㊣??:00:16:57,Start Auto Reply,"Program Start.","wechat-_tmain()"
=====START=====
2016-10-29,?D1迆㊣那℅?那㊣??:12:04:00,Start Auto Reply,"Program Start.","wechat-_tmain()"
2016-10-29,?D1迆㊣那℅?那㊣??:12:04:09,Receive Message,"You are not the only one. I'm not sure if I like the way you talk. I like computers.","wechat-getMSG()"
2016-10-29,?D1迆㊣那℅?那㊣??:12:04:12,Send Message,"Hello, I am Alice, the intelligent AI chatting with English. At the moment, my master is busy so I will help him reply the requests. Besides, you can leave messages and I will inform him.","wechat-sendMSG()"
2016-10-29,?D1迆㊣那℅?那㊣??:12:04:14,Send Message,"You don't know me well enough to say that. Could you ever be certain? Try it. I am glad you like them. Computers like humans too.","wechat-sendMSG()"
=====START=====
2016-10-29,?D1迆㊣那℅?那㊣??:22:52:52,Start Auto Reply,"Program Start.","wechat-_tmain()"
=====START=====
2016-10-29,?D1迆㊣那℅?那㊣??:22:55:23,Start Auto Reply,"Program Start.","wechat-_tmain()"
=====START=====
2016-10-29,?D1迆㊣那℅?那㊣??:22:55:23,Start Auto Reply,"Program Start.","wechat-_tmain()"
=====START=====
2016-10-29,?D1迆㊣那℅?那㊣??:22:55:23,Start Auto Reply,"Program Start.","wechat-_tmain()"
=====START=====
2016-10-29,?D1迆㊣那℅?那㊣??:22:55:23,Start Auto Reply,"Program Start.","wechat-_tmain()"
=====START=====
2016-10-29,?D1迆㊣那℅?那㊣??:22:58:44,Start Auto Reply,"Program Start.","wechat-_tmain()"
=====START=====
2016-10-29,?D1迆㊣那℅?那㊣??:23:03:09,Start Auto Reply,"Program Start.","wechat-_tmain()"
=====START=====
2016-10-29,?D1迆㊣那℅?那㊣??:23:09:24,Start Auto Reply,"Program Start.","wechat-_tmain()"
=====START=====
2016-10-29,?D1迆㊣那℅?那㊣??:23:32:46,Start Auto Reply,"Program Start.","wechat-_tmain()"
=====START=====
2016-10-29,?D1迆㊣那℅?那㊣??:23:33:24,Start Auto Reply,"Program Start.","wechat-_tmain()"
=====START=====
2016-10-29,?D1迆㊣那℅?那㊣??:23:35:20,Start Auto Reply,"Program Start.","wechat-_tmain()"
=====START=====
2016-10-29,?D1迆㊣那℅?那㊣??:23:36:11,Start Auto Reply,"Program Start.","wechat-_tmain()"
=====START=====
2016-10-29,?D1迆㊣那℅?那㊣??:23:40:30,Start Auto Reply,"Program Start.","wechat-_tmain()"
=====START=====
2016-10-29,?D1迆㊣那℅?那㊣??:23:41:07,Start Auto Reply,"Program Start.","wechat-_tmain()"
=====START=====
2016-10-29,?D1迆㊣那℅?那㊣??:23:44:21,Start Auto Reply,"Program Start.","wechat-_tmain()"
=====START=====
2016-10-29,?D1迆㊣那℅?那㊣??:23:45:04,Start Auto Reply,"Program Start.","wechat-_tmain()"
=====START=====
2016-10-29,?D1迆㊣那℅?那㊣??:23:48:22,Start Auto Reply,"Program Start.","wechat-_tmain()"
=====START=====
2016-10-29,?D1迆㊣那℅?那㊣??:23:49:02,Start Auto Reply,"Program Start.","wechat-_tmain()"
=====START=====
2016-10-29,?D1迆㊣那℅?那㊣??:23:50:31,Start Auto Reply,"Program Start.","wechat-_tmain()"
=====START=====
2016-10-29,?D1迆㊣那℅?那㊣??:23:53:22,Start Auto Reply,"Program Start.","wechat-_tmain()"
=====START=====
2016-10-29,?D1迆㊣那℅?那㊣??:23:53:58,Start Auto Reply,"Program Start.","wechat-_tmain()"
=====START=====
2016-10-29,?D1迆㊣那℅?那㊣??:23:59:21,Start Auto Reply,"Program Start.","wechat-_tmain()"
=====START=====
2016-10-29,?D1迆㊣那℅?那㊣??:23:59:45,Start Auto Reply,"Program Start.","wechat-_tmain()"
