e:\computer science\wechat\wechat\debug\vc110.pdb
e:\computer science\wechat\wechat\debug\wechat.obj
e:\computer science\wechat\debug\wechat.ilk
e:\computer science\wechat\debug\wechat.exe
e:\computer science\wechat\debug\wechat.pdb
e:\computer science\wechat\wechat\debug\vc140.pdb
e:\computer science\wechat\wechat\debug\vc140.idb
e:\computer science\wechat\wechat\debug\shell.obj
e:\computer science\wechat\wechat\debug\tools.obj
e:\computer science\wechat\wechat\debug\cl.command.1.tlog
e:\computer science\wechat\wechat\debug\cl.read.1.tlog
e:\computer science\wechat\wechat\debug\cl.write.1.tlog
e:\computer science\wechat\wechat\debug\link-cvtres.read.1.tlog
e:\computer science\wechat\wechat\debug\link-cvtres.write.1.tlog
e:\computer science\wechat\wechat\debug\link-rc.read.1.tlog
e:\computer science\wechat\wechat\debug\link-rc.write.1.tlog
e:\computer science\wechat\wechat\debug\link.1492-cvtres.read.1.tlog
e:\computer science\wechat\wechat\debug\link.1492-cvtres.write.1.tlog
e:\computer science\wechat\wechat\debug\link.1492-rc.read.1.tlog
e:\computer science\wechat\wechat\debug\link.1492-rc.write.1.tlog
e:\computer science\wechat\wechat\debug\link.1492.read.1.tlog
e:\computer science\wechat\wechat\debug\link.1492.write.1.tlog
e:\computer science\wechat\wechat\debug\link.command.1.tlog
e:\computer science\wechat\wechat\debug\link.read.1.tlog
e:\computer science\wechat\wechat\debug\link.write.1.tlog
e:\computer science\wechat\wechat\debug\vc110.idb
e:\computer science\wechat\wechat\debug\wechat.tlog\cl.command.1.tlog
e:\computer science\wechat\wechat\debug\wechat.tlog\cl.read.1.tlog
e:\computer science\wechat\wechat\debug\wechat.tlog\cl.write.1.tlog
e:\computer science\wechat\wechat\debug\wechat.tlog\link.command.1.tlog
e:\computer science\wechat\wechat\debug\wechat.tlog\link.read.1.tlog
e:\computer science\wechat\wechat\debug\wechat.tlog\link.write.1.tlog
